<?xml version="1.0" encoding="UTF-8"?>
<!-- Generated by org.testng.reporters.JUnitReportReporter -->
<testsuite hostname="LAPTOP-NNQ3O8RD" name="com.crm.SDET26.BasicScripts.CreateOrganizationTest" tests="1" failures="0" timestamp="28 Nov 2021 06:36:43 GMT" time="14.314" errors="0">
  <testcase name="CreateOrganizationTest" time="14.314" classname="com.crm.SDET26.BasicScripts.CreateOrganizationTest"/>
</testsuite> <!-- com.crm.SDET26.BasicScripts.CreateOrganizationTest -->
