<?xml version="1.0" encoding="UTF-8"?>
<!-- Generated by org.testng.reporters.JUnitReportReporter -->
<testsuite hostname="LAPTOP-NNQ3O8RD" name="com.crm.SDET26.BasicScripts.CreateContactsTest" tests="1" failures="0" timestamp="29 Nov 2021 01:59:05 GMT" time="11.916" errors="0">
  <testcase name="createContactsTest" time="11.916" classname="com.crm.SDET26.BasicScripts.CreateContactsTest"/>
</testsuite> <!-- com.crm.SDET26.BasicScripts.CreateContactsTest -->
