<?xml version="1.0" encoding="UTF-8"?>
<!-- Generated by org.testng.reporters.JUnitReportReporter -->
<testsuite hostname="LAPTOP-NNQ3O8RD" name="com.crm.SDET26.BasicScripts.CreateContactsWithOrganizationTest" tests="1" failures="0" timestamp="29 Nov 2021 01:57:15 GMT" time="11.822" errors="0">
  <testcase name="createContactsWithOrganizationTest" time="11.822" classname="com.crm.SDET26.BasicScripts.CreateContactsWithOrganizationTest"/>
</testsuite> <!-- com.crm.SDET26.BasicScripts.CreateContactsWithOrganizationTest -->
