<?xml version="1.0" encoding="UTF-8"?>
<!-- Generated by org.testng.reporters.JUnitReportReporter -->
<testsuite hostname="LAPTOP-NNQ3O8RD" name="com.crm.SDET26.practice.SampleJDBCExecuteUpdate" tests="1" failures="0" timestamp="26 Nov 2021 10:47:19 GMT" time="0.267" errors="0">
  <testcase name="sampleJDBCExecuteUpdate" time="0.267" classname="com.crm.SDET26.practice.SampleJDBCExecuteUpdate"/>
</testsuite> <!-- com.crm.SDET26.practice.SampleJDBCExecuteUpdate -->
