<?xml version="1.0" encoding="UTF-8"?>
<!-- Generated by org.testng.reporters.JUnitReportReporter -->
<testsuite hostname="LAPTOP-NNQ3O8RD" name="com.crm.SDET26.practice.SampleJDBCExecuteExceptionHandleThroughFinally" tests="1" failures="0" timestamp="26 Nov 2021 11:56:04 GMT" time="0.277" errors="0">
  <testcase name="SampleJDBCExecuteUpdate" time="0.277" classname="com.crm.SDET26.practice.SampleJDBCExecuteExceptionHandleThroughFinally"/>
</testsuite> <!-- com.crm.SDET26.practice.SampleJDBCExecuteExceptionHandleThroughFinally -->
