<?xml version="1.0" encoding="UTF-8"?>
<!-- Generated by org.testng.reporters.JUnitReportReporter -->
<testsuite skipped="0" hostname="LAPTOP-NNQ3O8RD" name="com.crm.comcast.organaizationtest.CreateOrganization" tests="1" failures="0" timestamp="2021-12-05T10:42:58 IST" time="43.120" errors="0">
  <testcase name="createOrganization" time="43.120" classname="com.crm.comcast.organaizationtest.CreateOrganization"/>
  <system-out/>
</testsuite> <!-- com.crm.comcast.organaizationtest.CreateOrganization -->
