<?xml version="1.0" encoding="UTF-8"?>
<!-- Generated by org.testng.reporters.JUnitReportReporter -->
<testsuite hostname="LAPTOP-NNQ3O8RD" name="com.crm.SDET26.BasicScripts.CreateOrgWithIndustryTest" tests="1" failures="0" timestamp="29 Nov 2021 07:26:21 GMT" time="16.935" errors="0">
  <testcase name="createOrgWithIndustryTest" time="16.935" classname="com.crm.SDET26.BasicScripts.CreateOrgWithIndustryTest"/>
</testsuite> <!-- com.crm.SDET26.BasicScripts.CreateOrgWithIndustryTest -->
