<?xml version="1.0" encoding="UTF-8"?>
<!-- Generated by org.testng.reporters.JUnitReportReporter -->
<testsuite hostname="LAPTOP-NNQ3O8RD" name="com.crm.SDET26.BasicScripts.CreateContactsWithOrgNameAndLeadTest" tests="1" failures="0" timestamp="29 Nov 2021 01:58:15 GMT" time="15.099" errors="0">
  <testcase name="createContactsWithOrgNameAndLeadTes" time="15.099" classname="com.crm.SDET26.BasicScripts.CreateContactsWithOrgNameAndLeadTest"/>
</testsuite> <!-- com.crm.SDET26.BasicScripts.CreateContactsWithOrgNameAndLeadTest -->
