<?xml version="1.0" encoding="UTF-8"?>
<!-- Generated by org.testng.reporters.JUnitReportReporter -->
<testsuite hostname="LAPTOP-NNQ3O8RD" name="com.crm.SDET26.practice.SampleJDBCExecuteQuery" tests="1" failures="0" timestamp="26 Nov 2021 10:13:09 GMT" time="0.249" errors="0">
  <testcase name="SampleJDBCExecuteQuery" time="0.249" classname="com.crm.SDET26.practice.SampleJDBCExecuteQuery"/>
</testsuite> <!-- com.crm.SDET26.practice.SampleJDBCExecuteQuery -->
