<?xml version="1.0" encoding="UTF-8"?>
<!-- Generated by org.testng.reporters.JUnitReportReporter -->
<testsuite skipped="0" hostname="LAPTOP-NNQ3O8RD" name="com.crm.Contacts.SDET.CreateContact_Support_DateTest" tests="1" failures="0" timestamp="2022-01-09T22:53:58 IST" time="17.409" errors="0">
  <testcase name="createContactwithsuppoertDateTest" time="17.409" classname="com.crm.Contacts.SDET.CreateContact_Support_DateTest"/>
  <system-out/>
</testsuite> <!-- com.crm.Contacts.SDET.CreateContact_Support_DateTest -->
