<?xml version="1.0" encoding="UTF-8"?>
<!-- Generated by org.testng.reporters.JUnitReportReporter -->
<testsuite skipped="0" hostname="LAPTOP-NNQ3O8RD" name="com.crm.comcast.conatctwithorgNameTest.CreateContactswithOrg" tests="1" failures="0" timestamp="2021-12-05T10:42:58 IST" time="55.139" errors="0">
  <testcase name="createContactwithOrg" time="55.139" classname="com.crm.comcast.conatctwithorgNameTest.CreateContactswithOrg"/>
  <system-out/>
</testsuite> <!-- com.crm.comcast.conatctwithorgNameTest.CreateContactswithOrg -->
