<?xml version="1.0" encoding="UTF-8"?>
<!-- Generated by org.testng.reporters.JUnitReportReporter -->
<testsuite skipped="0" hostname="LAPTOP-NNQ3O8RD" name="com.crm.comcast.organaizationtest.CreateOrganizationTest" tests="1" failures="0" timestamp="2022-01-09T22:53:58 IST" time="18.570" errors="0">
  <testcase name="createOrganizationTest" time="18.570" classname="com.crm.comcast.organaizationtest.CreateOrganizationTest"/>
  <system-out/>
</testsuite> <!-- com.crm.comcast.organaizationtest.CreateOrganizationTest -->
