<?xml version="1.0" encoding="UTF-8"?>
<!-- Generated by org.testng.reporters.JUnitReportReporter -->
<testsuite skipped="0" hostname="LAPTOP-NNQ3O8RD" name="com.crm.Contacts.SDET.CreateNewContacts" tests="1" failures="0" timestamp="2021-12-05T10:42:58 IST" time="43.060" errors="0">
  <testcase name="createNewContacts" time="43.060" classname="com.crm.Contacts.SDET.CreateNewContacts"/>
  <system-out/>
</testsuite> <!-- com.crm.Contacts.SDET.CreateNewContacts -->
