<?xml version="1.0" encoding="UTF-8"?>
<!-- Generated by org.testng.reporters.JUnitReportReporter -->
<testsuite skipped="0" hostname="LAPTOP-NNQ3O8RD" name="com.crm.SDET26.Lead.CreateNewLeadsWithDifferentIndustryTest" tests="1" failures="0" timestamp="2022-01-29T12:42:29 IST" time="11.745" errors="0">
  <testcase name="createNewLeadsWithDifferentIndustryTest" time="11.745" classname="com.crm.SDET26.Lead.CreateNewLeadsWithDifferentIndustryTest"/>
  <system-out/>
</testsuite> <!-- com.crm.SDET26.Lead.CreateNewLeadsWithDifferentIndustryTest -->
